c:\users\walid\desktop\sfml_1\sfml_1\debug\vc120.pdb
c:\users\walid\desktop\sfml_1\sfml_1\debug\vc120.idb
c:\users\walid\desktop\sfml_1\sfml_1\debug\ball.obj
c:\users\walid\desktop\sfml_1\sfml_1\debug\main.obj
c:\users\walid\desktop\sfml_1\sfml_1\debug\paddle.obj
c:\users\walid\desktop\sfml_1\sfml_1\debug\score.obj
c:\users\walid\desktop\sfml_1\debug\sfml_1.ilk
c:\users\walid\desktop\sfml_1\debug\sfml_1.exe
c:\users\walid\desktop\sfml_1\debug\sfml_1.pdb
c:\users\walid\desktop\sfml1\sfml_1\debug\ball.obj
c:\users\walid\desktop\sfml1\sfml_1\debug\main.obj
c:\users\walid\desktop\sfml1\sfml_1\debug\paddle.obj
c:\users\walid\desktop\sfml1\sfml_1\debug\score.obj
c:\users\walid\desktop\sfml1\sfml_1\debug\vc120.idb
c:\users\walid\desktop\sfml1\sfml_1\debug\vc120.pdb
c:\users\walid\desktop\sfml1\debug\sfml_1.pdb
c:\users\walid\desktop\sfml1\debug\sfml_1.exe
c:\users\walid\desktop\sfml1\debug\sfml_1.ilk
c:\users\walid\desktop\sfml1\sfml_1\debug\sfml_1.tlog\cl.command.1.tlog
c:\users\walid\desktop\sfml1\sfml_1\debug\sfml_1.tlog\cl.read.1.tlog
c:\users\walid\desktop\sfml1\sfml_1\debug\sfml_1.tlog\cl.write.1.tlog
c:\users\walid\desktop\sfml1\sfml_1\debug\sfml_1.tlog\link.command.1.tlog
c:\users\walid\desktop\sfml1\sfml_1\debug\sfml_1.tlog\link.read.1.tlog
c:\users\walid\desktop\sfml1\sfml_1\debug\sfml_1.tlog\link.write.1.tlog
