Build started 08/05/2019 14:21:26.
     1>Project "C:\Users\walid\Desktop\SFML1\SFML_1\SFML_1.vcxproj" on node 2 (Rebuild target(s)).
     1>ClCompile:
         C:\Program Files (x86)\Microsoft Visual Studio 12.0\VC\bin\CL.exe /c /I"C:\Users\walid\Desktop\Learning C++ Tests\C++_Learning SFML\SFML_1\sfml\include" /ZI /nologo /W3 /WX- /sdl /Od /Oy- /D _MBCS /Gm /EHsc /RTC1 /MDd /GS /fp:precise /Zc:wchar_t /Zc:forScope /Fo"Debug\\" /Fd"Debug\vc120.pdb" /Gd /TP /analyze- /errorReport:prompt Ball.cpp Main.cpp Paddle.cpp Score.cpp
         Score.cpp
     1>c:\users\walid\desktop\sfml1\sfml_1\score.cpp(13): warning C4244: 'argument' : conversion from 'double' to 'float', possible loss of data
         Paddle.cpp
     1>c:\users\walid\desktop\sfml1\sfml_1\paddle.cpp(7): warning C4244: 'argument' : conversion from 'double' to 'float', possible loss of data
     1>c:\users\walid\desktop\sfml1\sfml_1\paddle.cpp(13): warning C4244: '=' : conversion from 'const float' to 'int', possible loss of data
     1>c:\users\walid\desktop\sfml1\sfml_1\paddle.cpp(18): warning C4244: 'argument' : conversion from 'double' to 'float', possible loss of data
         Main.cpp
         Ball.cpp
     1>c:\users\walid\desktop\sfml1\sfml_1\ball.cpp(19): warning C4244: 'argument' : conversion from 'const int' to 'float', possible loss of data
     1>c:\users\walid\desktop\sfml1\sfml_1\ball.cpp(53): warning C4244: 'argument' : conversion from 'double' to 'float', possible loss of data
     1>c:\users\walid\desktop\sfml1\sfml_1\ball.cpp(62): warning C4244: 'argument' : conversion from 'const int' to 'float', possible loss of data
     1>c:\users\walid\desktop\sfml1\sfml_1\ball.cpp(63): warning C4244: 'argument' : conversion from 'const int' to 'float', possible loss of data
         Generating Code...
       Link:
         C:\Program Files (x86)\Microsoft Visual Studio 12.0\VC\bin\link.exe /ERRORREPORT:PROMPT /OUT:"C:\Users\walid\Desktop\SFML1\Debug\SFML_1.exe" /INCREMENTAL /NOLOGO /LIBPATH:"C:\Users\walid\Desktop\Learning C++ Tests\C++_Learning SFML\SFML_1\sfml\lib" "sfml-system-d.lib" "sfml-graphics-d.lib" "sfml-audio-d.lib" "sfml-network-d.lib" "sfml-window-d.lib" kernel32.lib user32.lib gdi32.lib winspool.lib comdlg32.lib advapi32.lib shell32.lib ole32.lib oleaut32.lib uuid.lib odbc32.lib odbccp32.lib /MANIFEST /MANIFESTUAC:"level='asInvoker' uiAccess='false'" /manifest:embed /DEBUG /PDB:"C:\Users\walid\Desktop\SFML1\Debug\SFML_1.pdb" /TLBID:1 /DYNAMICBASE /NXCOMPAT /IMPLIB:"C:\Users\walid\Desktop\SFML1\Debug\SFML_1.lib" /MACHINE:X86 Debug\Ball.obj
         Debug\Main.obj
         Debug\Paddle.obj
         Debug\Score.obj
         SFML_1.vcxproj -> C:\Users\walid\Desktop\SFML1\Debug\SFML_1.exe
     1>Done Building Project "C:\Users\walid\Desktop\SFML1\SFML_1\SFML_1.vcxproj" (Rebuild target(s)).

Build succeeded.

Time Elapsed 00:00:31.71
